
ROM used:   298/32768 (1%)
            302/32768 (1%) including unused fragments

            0.3 Average locations per line
            11.9 Average locations per statement

RAM used:   6/2048 (0%) at main() level
            7/2048 (0%) worst case

Stack used: 0 worst case (0 in main + 0 for interrupts)
Stack size: 31

Lines Stmts  %   Files
----- ----- ---  -----
   80    25 100  LED RGB.c
  972     0   0  D:\Programas\PICC\Devices\18F45K50.h
----- -----
 1052    25 Total

Page ROM  %  RAM    Vol Diff  Functions:
---- --- --- ---    --- ----  ----------
0     40   7    1             @delay_ms1
0     36   6    0     76  2.0  SisInit
0    134  22    0    221  4.1  Set_PWM
0     84  14    0    262  1.8  MAIN
 Inline         0    165  3.3  @cinit1

Program metrics:
    Functions               4
    Statements              25
    Comments                201
    Volume (V)              1023
    Difficulty (D)          11.2
    Effort to implement (E) 11425
    Time to implement (T)   11 minutes
    Est Delivered Bugs (B)  0
    Cyclomatic Complexity   2
    Maintainability (MI)    62

 Segment     Used  Free
-----------  ----  ----
00000-01FFE     0  8192  
02000-02006     4  4  
02008-07FFE   294  24274  



